Using pre-set license
Built from '2020.3/staging' branch; Version is '2020.3.19f1 (68f137dc9bbe) revision 6877495'; Using compiler version '192528614'; Build Type 'Release'
OS: 'Windows 10 Pro; OS build 22621.2134; Version 2009; 64bit' Language: 'ru' Physical Memory: 32605 MB
BatchMode: 1, IsHumanControllingUs: 0, StartBugReporterOnCrash: 0, Is64bit: 1, IsPro: 0

COMMAND LINE ARGUMENTS:
D:\Unity\2020.3.19f1\Editor\Unity.exe
-adb2
-batchMode
-noUpm
-name
AssetImportWorker0
-projectPath
D:/UnityProject/HillClimb/Hill Climb
-logFile
Logs/AssetImportWorker0.log
-srvPort
63683
Successfully changed project path to: D:/UnityProject/HillClimb/Hill Climb
D:/UnityProject/HillClimb/Hill Climb
Using Asset Import Pipeline V2.
Refreshing native plugins compatible for Editor in 22.38 ms, found 3 plugins.
Preloading 0 native plugins for Editor in 0.00 ms.
Initialize engine version: 2020.3.19f1 (68f137dc9bbe)
[Subsystems] Discovering subsystems at path D:/Unity/2020.3.19f1/Editor/Data/Resources/UnitySubsystems
[Subsystems] Discovering subsystems at path D:/UnityProject/HillClimb/Hill Climb/Assets
GfxDevice: creating device client; threaded=0
Direct3D:
    Version:  Direct3D 11.0 [level 11.1]
    Renderer: NVIDIA GeForce RTX 4070 Ti (ID=0x2782)
    Vendor:   
    VRAM:     12010 MB
    Driver:   31.0.15.3699
Initialize mono
Mono path[0] = 'D:/Unity/2020.3.19f1/Editor/Data/Managed'
Mono path[1] = 'D:/Unity/2020.3.19f1/Editor/Data/MonoBleedingEdge/lib/mono/unityjit'
Mono config path = 'D:/Unity/2020.3.19f1/Editor/Data/MonoBleedingEdge/etc'
Using monoOptions --debugger-agent=transport=dt_socket,embedding=1,server=y,suspend=n,address=127.0.0.1:56380
Begin MonoManager ReloadAssembly
Registering precompiled unity dll's ...
Register platform support module: D:/Unity/2020.3.19f1/Editor/Data/PlaybackEngines/WindowsStandaloneSupport/UnityEditor.WindowsStandalone.Extensions.dll
Registered in 0.000404 seconds.
Native extension for WindowsStandalone target not found
Refreshing native plugins compatible for Editor in 22.61 ms, found 3 plugins.
Preloading 0 native plugins for Editor in 0.00 ms.
Mono: successfully reloaded assembly
- Completed reload, in  1.154 seconds
Domain Reload Profiling:
	ReloadAssembly (1154ms)
		BeginReloadAssembly (29ms)
			ExecutionOrderSort (0ms)
			DisableScriptedObjects (0ms)
			BackupInstance (0ms)
			ReleaseScriptingObjects (0ms)
			CreateAndSetChildDomain (0ms)
		EndReloadAssembly (199ms)
			LoadAssemblies (28ms)
			RebuildTransferFunctionScriptingTraits (0ms)
			SetupTypeCache (67ms)
			ReleaseScriptCaches (0ms)
			RebuildScriptCaches (15ms)
			SetupLoadedEditorAssemblies (83ms)
				LogAssemblyErrors (0ms)
				InitializePlatformSupportModulesInManaged (2ms)
				SetLoadedEditorAssemblies (0ms)
				RefreshPlugins (23ms)
				BeforeProcessingInitializeOnLoad (6ms)
				ProcessInitializeOnLoadAttributes (39ms)
				ProcessInitializeOnLoadMethodAttributes (13ms)
				AfterProcessingInitializeOnLoad (0ms)
				EditorAssembliesLoaded (0ms)
			ExecutionOrderSort2 (0ms)
			AwakeInstancesAfterBackupRestoration (0ms)
Platform modules already initialized, skipping
Registering precompiled user dll's ...
Registered in 0.001163 seconds.
Begin MonoManager ReloadAssembly
Native extension for WindowsStandalone target not found
Refreshing native plugins compatible for Editor in 22.00 ms, found 3 plugins.
Preloading 0 native plugins for Editor in 0.00 ms.
Mono: successfully reloaded assembly
- Completed reload, in  0.534 seconds
Domain Reload Profiling:
	ReloadAssembly (534ms)
		BeginReloadAssembly (68ms)
			ExecutionOrderSort (0ms)
			DisableScriptedObjects (2ms)
			BackupInstance (0ms)
			ReleaseScriptingObjects (0ms)
			CreateAndSetChildDomain (9ms)
		EndReloadAssembly (438ms)
			LoadAssemblies (47ms)
			RebuildTransferFunctionScriptingTraits (0ms)
			SetupTypeCache (130ms)
			ReleaseScriptCaches (0ms)
			RebuildScriptCaches (29ms)
			SetupLoadedEditorAssemblies (183ms)
				LogAssemblyErrors (0ms)
				InitializePlatformSupportModulesInManaged (2ms)
				SetLoadedEditorAssemblies (0ms)
				RefreshPlugins (22ms)
				BeforeProcessingInitializeOnLoad (36ms)
				ProcessInitializeOnLoadAttributes (114ms)
				ProcessInitializeOnLoadMethodAttributes (8ms)
				AfterProcessingInitializeOnLoad (1ms)
				EditorAssembliesLoaded (0ms)
			ExecutionOrderSort2 (0ms)
			AwakeInstancesAfterBackupRestoration (3ms)
Platform modules already initialized, skipping
========================================================================
Worker process is ready to serve import requests
Launched and connected shader compiler UnityShaderCompiler.exe after 0.02 seconds
Refreshing native plugins compatible for Editor in 0.29 ms, found 3 plugins.
Preloading 0 native plugins for Editor in 0.00 ms.
Unloading 2260 Unused Serialized files (Serialized files now loaded: 0)
System memory in use before: 98.7 MB.
System memory in use after: 98.8 MB.

Unloading 27 unused Assets to reduce memory usage. Loaded Objects now: 2701.
Total: 1.590700 ms (FindLiveObjects: 0.086300 ms CreateObjectMapping: 0.033000 ms MarkObjects: 1.431200 ms  DeleteObjects: 0.038200 ms)

AssetImportParameters requested are different than current active one (requested -> active):
  custom:framework-win-MediaFoundation: 216162199b28c13a410421893ffa2e32 -> 
  custom:video-decoder-ogg-theora: a1e56fd34408186e4bbccfd4996cb3dc -> 
  custom:container-muxer-webm: aa71ff27fc2769a1b78a27578f13a17b -> 
  custom:container-demuxer-webm: 4f35f7cbe854078d1ac9338744f61a02 -> 
  custom:container-demuxer-ogg: 62fdf1f143b41e24485cea50d1cbac27 -> 
  custom:video-encoder-webm-vp8: eb34c28f22e8b96e1ab97ce403110664 -> 
  custom:video-decoder-webm-vp8: 9c59270c3fd7afecdb556c50c9e8de78 -> 
  custom:audio-decoder-ogg-vorbis: bf7c407c2cedff20999df2af8eb42d56 -> 
  custom:audio-encoder-webm-vorbis: bf7c407c2cedff20999df2af8eb42d56 -> 
========================================================================
Received Import Request.
  path: Assets/Scripts/System/GlobalConst.cs
  artifactKey: Guid(e9929d5c455bf8b46ac0ada74b4acd44) Importer(815301076,1909f56bfc062723c751e8b465ee728b)
Start importing Assets/Scripts/System/GlobalConst.cs using Guid(e9929d5c455bf8b46ac0ada74b4acd44) Importer(815301076,1909f56bfc062723c751e8b465ee728b)  -> (artifact id: '1656db65644ee3664de4cab4a2d2dea0') in 0.016365 seconds 
  Import took 0.018166 seconds .

========================================================================
Received Import Request.
  Time since last request: 2.892858 seconds.
  path: Assets/Scripts/System/EventHolder.cs
  artifactKey: Guid(e4b08e9f50180fc4fbfa98d3358fc769) Importer(815301076,1909f56bfc062723c751e8b465ee728b)
Start importing Assets/Scripts/System/EventHolder.cs using Guid(e4b08e9f50180fc4fbfa98d3358fc769) Importer(815301076,1909f56bfc062723c751e8b465ee728b)  -> (artifact id: '01a055248e376f91db653847ac3da5f2') in 0.007774 seconds 
  Import took 0.009976 seconds .

========================================================================
Received Prepare
Registering precompiled user dll's ...
Registered in 0.002030 seconds.
Begin MonoManager ReloadAssembly
Native extension for WindowsStandalone target not found
Refreshing native plugins compatible for Editor in 0.69 ms, found 3 plugins.
Preloading 0 native plugins for Editor in 0.00 ms.
Mono: successfully reloaded assembly
- Completed reload, in  0.873 seconds
Domain Reload Profiling:
	ReloadAssembly (873ms)
		BeginReloadAssembly (99ms)
			ExecutionOrderSort (0ms)
			DisableScriptedObjects (6ms)
			BackupInstance (0ms)
			ReleaseScriptingObjects (0ms)
			CreateAndSetChildDomain (30ms)
		EndReloadAssembly (726ms)
			LoadAssemblies (82ms)
			RebuildTransferFunctionScriptingTraits (0ms)
			SetupTypeCache (208ms)
			ReleaseScriptCaches (1ms)
			RebuildScriptCaches (48ms)
			SetupLoadedEditorAssemblies (306ms)
				LogAssemblyErrors (0ms)
				InitializePlatformSupportModulesInManaged (4ms)
				SetLoadedEditorAssemblies (0ms)
				RefreshPlugins (1ms)
				BeforeProcessingInitializeOnLoad (82ms)
				ProcessInitializeOnLoadAttributes (213ms)
				ProcessInitializeOnLoadMethodAttributes (5ms)
				AfterProcessingInitializeOnLoad (1ms)
				EditorAssembliesLoaded (0ms)
			ExecutionOrderSort2 (0ms)
			AwakeInstancesAfterBackupRestoration (9ms)
Platform modules already initialized, skipping
Switching build target platform(19) subTarget(0) extendedPlatform(0) -> platform(13) subTarget(537395200) extendedPlatform(0)
Refreshing native plugins compatible for Editor in 0.26 ms, found 3 plugins.
Preloading 0 native plugins for Editor in 0.00 ms.
Unloading 2251 Unused Serialized files (Serialized files now loaded: 0)
System memory in use before: 98.2 MB.
System memory in use after: 98.3 MB.

Unloading 15 unused Assets to reduce memory usage. Loaded Objects now: 2704.
Total: 1.506600 ms (FindLiveObjects: 0.078800 ms CreateObjectMapping: 0.022500 ms MarkObjects: 1.394600 ms  DeleteObjects: 0.010200 ms)

AssetImportParameters requested are different than current active one (requested -> active):
  custom:framework-win-MediaFoundation: 216162199b28c13a410421893ffa2e32 -> 
  custom:video-decoder-ogg-theora: a1e56fd34408186e4bbccfd4996cb3dc -> 
  custom:container-muxer-webm: aa71ff27fc2769a1b78a27578f13a17b -> 
  custom:container-demuxer-webm: 4f35f7cbe854078d1ac9338744f61a02 -> 
  custom:container-demuxer-ogg: 62fdf1f143b41e24485cea50d1cbac27 -> 
  custom:video-encoder-webm-vp8: eb34c28f22e8b96e1ab97ce403110664 -> 
  custom:video-decoder-webm-vp8: 9c59270c3fd7afecdb556c50c9e8de78 -> 
  custom:graphics/normal-map-encoding: 01000000000000000000000000000000 -> 02000000000000000000000000000000
  custom:audio-decoder-ogg-vorbis: bf7c407c2cedff20999df2af8eb42d56 -> 
  custom:audio-encoder-webm-vorbis: bf7c407c2cedff20999df2af8eb42d56 -> 
========================================================================
Received Import Request.
  Time since last request: 77.401479 seconds.
  path: Assets/Scripts/System/ApplicationContainer.cs
  artifactKey: Guid(e2e1a14f697c25f479a94d92f2e96115) Importer(815301076,1909f56bfc062723c751e8b465ee728b)
Start importing Assets/Scripts/System/ApplicationContainer.cs using Guid(e2e1a14f697c25f479a94d92f2e96115) Importer(815301076,1909f56bfc062723c751e8b465ee728b)  -> (artifact id: '57140f06c9fc28121be41e47dcf04474') in 0.009342 seconds 
  Import took 0.011443 seconds .

========================================================================
Received Prepare
Registering precompiled user dll's ...
Registered in 0.001976 seconds.
Begin MonoManager ReloadAssembly
Native extension for WindowsStandalone target not found
Refreshing native plugins compatible for Editor in 0.55 ms, found 3 plugins.
Preloading 0 native plugins for Editor in 0.00 ms.
Mono: successfully reloaded assembly
- Completed reload, in  0.874 seconds
Domain Reload Profiling:
	ReloadAssembly (874ms)
		BeginReloadAssembly (92ms)
			ExecutionOrderSort (0ms)
			DisableScriptedObjects (5ms)
			BackupInstance (0ms)
			ReleaseScriptingObjects (0ms)
			CreateAndSetChildDomain (33ms)
		EndReloadAssembly (735ms)
			LoadAssemblies (83ms)
			RebuildTransferFunctionScriptingTraits (0ms)
			SetupTypeCache (223ms)
			ReleaseScriptCaches (1ms)
			RebuildScriptCaches (45ms)
			SetupLoadedEditorAssemblies (294ms)
				LogAssemblyErrors (0ms)
				InitializePlatformSupportModulesInManaged (4ms)
				SetLoadedEditorAssemblies (0ms)
				RefreshPlugins (1ms)
				BeforeProcessingInitializeOnLoad (76ms)
				ProcessInitializeOnLoadAttributes (204ms)
				ProcessInitializeOnLoadMethodAttributes (8ms)
				AfterProcessingInitializeOnLoad (2ms)
				EditorAssembliesLoaded (0ms)
			ExecutionOrderSort2 (0ms)
			AwakeInstancesAfterBackupRestoration (10ms)
Platform modules already initialized, skipping
Switching build target platform(19) subTarget(0) extendedPlatform(0) -> platform(13) subTarget(537395200) extendedPlatform(0)
Refreshing native plugins compatible for Editor in 0.52 ms, found 3 plugins.
Preloading 0 native plugins for Editor in 0.00 ms.
Unloading 2251 Unused Serialized files (Serialized files now loaded: 0)
System memory in use before: 98.3 MB.
System memory in use after: 98.4 MB.

Unloading 15 unused Assets to reduce memory usage. Loaded Objects now: 2707.
Total: 2.398000 ms (FindLiveObjects: 0.186600 ms CreateObjectMapping: 0.043400 ms MarkObjects: 2.151800 ms  DeleteObjects: 0.015000 ms)

AssetImportParameters requested are different than current active one (requested -> active):
  custom:framework-win-MediaFoundation: 216162199b28c13a410421893ffa2e32 -> 
  custom:video-decoder-ogg-theora: a1e56fd34408186e4bbccfd4996cb3dc -> 
  custom:container-muxer-webm: aa71ff27fc2769a1b78a27578f13a17b -> 
  custom:container-demuxer-webm: 4f35f7cbe854078d1ac9338744f61a02 -> 
  custom:container-demuxer-ogg: 62fdf1f143b41e24485cea50d1cbac27 -> 
  custom:video-encoder-webm-vp8: eb34c28f22e8b96e1ab97ce403110664 -> 
  custom:video-decoder-webm-vp8: 9c59270c3fd7afecdb556c50c9e8de78 -> 
  custom:graphics/normal-map-encoding: 01000000000000000000000000000000 -> 02000000000000000000000000000000
  custom:audio-decoder-ogg-vorbis: bf7c407c2cedff20999df2af8eb42d56 -> 
  custom:audio-encoder-webm-vorbis: bf7c407c2cedff20999df2af8eb42d56 -> 
========================================================================
Received Import Request.
  Time since last request: 47.826715 seconds.
  path: Assets/Scripts/MainScene/Trigger/TriggerCore/TriggerModel.cs
  artifactKey: Guid(cb60ec76b4fd512489566431ac73b87a) Importer(815301076,1909f56bfc062723c751e8b465ee728b)
Start importing Assets/Scripts/MainScene/Trigger/TriggerCore/TriggerModel.cs using Guid(cb60ec76b4fd512489566431ac73b87a) Importer(815301076,1909f56bfc062723c751e8b465ee728b)  -> (artifact id: '51f2356051b853dc58b1d1733caead67') in 0.009210 seconds 
  Import took 0.011259 seconds .

========================================================================
Received Import Request.
  Time since last request: 21.102033 seconds.
  path: Assets/Scripts/MainScene/Trigger/TriggerCore/TriggerModel.cs
  artifactKey: Guid(cb60ec76b4fd512489566431ac73b87a) Importer(815301076,1909f56bfc062723c751e8b465ee728b)
Start importing Assets/Scripts/MainScene/Trigger/TriggerCore/TriggerModel.cs using Guid(cb60ec76b4fd512489566431ac73b87a) Importer(815301076,1909f56bfc062723c751e8b465ee728b)  -> (artifact id: '08ede56695384723c37c81934b085d80') in 0.001245 seconds 
  Import took 0.003316 seconds .

========================================================================
Received Prepare
Registering precompiled user dll's ...
Registered in 0.001118 seconds.
Begin MonoManager ReloadAssembly
Native extension for WindowsStandalone target not found
Refreshing native plugins compatible for Editor in 0.27 ms, found 3 plugins.
Preloading 0 native plugins for Editor in 0.00 ms.
Mono: successfully reloaded assembly
- Completed reload, in  0.512 seconds
Domain Reload Profiling:
	ReloadAssembly (513ms)
		BeginReloadAssembly (71ms)
			ExecutionOrderSort (0ms)
			DisableScriptedObjects (3ms)
			BackupInstance (0ms)
			ReleaseScriptingObjects (0ms)
			CreateAndSetChildDomain (17ms)
		EndReloadAssembly (412ms)
			LoadAssemblies (50ms)
			RebuildTransferFunctionScriptingTraits (0ms)
			SetupTypeCache (132ms)
			ReleaseScriptCaches (1ms)
			RebuildScriptCaches (25ms)
			SetupLoadedEditorAssemblies (164ms)
				LogAssemblyErrors (0ms)
				InitializePlatformSupportModulesInManaged (2ms)
				SetLoadedEditorAssemblies (0ms)
				RefreshPlugins (0ms)
				BeforeProcessingInitializeOnLoad (42ms)
				ProcessInitializeOnLoadAttributes (114ms)
				ProcessInitializeOnLoadMethodAttributes (4ms)
				AfterProcessingInitializeOnLoad (1ms)
				EditorAssembliesLoaded (0ms)
			ExecutionOrderSort2 (0ms)
			AwakeInstancesAfterBackupRestoration (6ms)
Platform modules already initialized, skipping
Switching build target platform(19) subTarget(0) extendedPlatform(0) -> platform(13) subTarget(537395200) extendedPlatform(0)
Refreshing native plugins compatible for Editor in 0.28 ms, found 3 plugins.
Preloading 0 native plugins for Editor in 0.00 ms.
Unloading 2251 Unused Serialized files (Serialized files now loaded: 0)
System memory in use before: 98.3 MB.
System memory in use after: 98.4 MB.

Unloading 15 unused Assets to reduce memory usage. Loaded Objects now: 2710.
Total: 1.588700 ms (FindLiveObjects: 0.092500 ms CreateObjectMapping: 0.023600 ms MarkObjects: 1.460100 ms  DeleteObjects: 0.011700 ms)

AssetImportParameters requested are different than current active one (requested -> active):
  custom:framework-win-MediaFoundation: 216162199b28c13a410421893ffa2e32 -> 
  custom:video-decoder-ogg-theora: a1e56fd34408186e4bbccfd4996cb3dc -> 
  custom:container-muxer-webm: aa71ff27fc2769a1b78a27578f13a17b -> 
  custom:container-demuxer-webm: 4f35f7cbe854078d1ac9338744f61a02 -> 
  custom:container-demuxer-ogg: 62fdf1f143b41e24485cea50d1cbac27 -> 
  custom:video-encoder-webm-vp8: eb34c28f22e8b96e1ab97ce403110664 -> 
  custom:video-decoder-webm-vp8: 9c59270c3fd7afecdb556c50c9e8de78 -> 
  custom:graphics/normal-map-encoding: 01000000000000000000000000000000 -> 02000000000000000000000000000000
  custom:audio-decoder-ogg-vorbis: bf7c407c2cedff20999df2af8eb42d56 -> 
  custom:audio-encoder-webm-vorbis: bf7c407c2cedff20999df2af8eb42d56 -> 
========================================================================
Received Import Request.
  Time since last request: 5.506301 seconds.
  path: Assets/Scripts/MainScene/Trigger/TriggerCore/TriggerView.cs
  artifactKey: Guid(6f66c5b6adbbf644e9101331c26ce57e) Importer(815301076,1909f56bfc062723c751e8b465ee728b)
Start importing Assets/Scripts/MainScene/Trigger/TriggerCore/TriggerView.cs using Guid(6f66c5b6adbbf644e9101331c26ce57e) Importer(815301076,1909f56bfc062723c751e8b465ee728b)  -> (artifact id: 'cd0ea0edbbbe23f9586f8c38b79fc9d3') in 0.008414 seconds 
  Import took 0.010135 seconds .

========================================================================
Received Import Request.
  Time since last request: 6.613015 seconds.
  path: Assets/Scripts/MainScene/Trigger/Finish/WinGameController.cs
  artifactKey: Guid(6d598c8801e2e904c9fddd837e5365b5) Importer(815301076,1909f56bfc062723c751e8b465ee728b)
Start importing Assets/Scripts/MainScene/Trigger/Finish/WinGameController.cs using Guid(6d598c8801e2e904c9fddd837e5365b5) Importer(815301076,1909f56bfc062723c751e8b465ee728b)  -> (artifact id: '4b6de6f4780405b926c954c9f184d811') in 0.007876 seconds 
  Import took 0.009879 seconds .

========================================================================
Received Import Request.
  Time since last request: 7.007174 seconds.
  path: Assets/Scripts/MainScene/Trigger/Finish/WinGameView.cs
  artifactKey: Guid(85a5449d57b4bc444997101de490a1b3) Importer(815301076,1909f56bfc062723c751e8b465ee728b)
Start importing Assets/Scripts/MainScene/Trigger/Finish/WinGameView.cs using Guid(85a5449d57b4bc444997101de490a1b3) Importer(815301076,1909f56bfc062723c751e8b465ee728b)  -> (artifact id: '67a3dfe1f8e45ea026166c294f528341') in 0.007823 seconds 
  Import took 0.009865 seconds .

========================================================================
Received Import Request.
  Time since last request: 6.860718 seconds.
  path: Assets/Scripts/MainScene/Input/InputController.cs
  artifactKey: Guid(f19b10e15dfc7e44a99516dd3a768998) Importer(815301076,1909f56bfc062723c751e8b465ee728b)
Start importing Assets/Scripts/MainScene/Input/InputController.cs using Guid(f19b10e15dfc7e44a99516dd3a768998) Importer(815301076,1909f56bfc062723c751e8b465ee728b)  -> (artifact id: 'd575701680428d14236daa033c140d99') in 0.007589 seconds 
  Import took 0.009497 seconds .

========================================================================
Received Import Request.
  Time since last request: 5.842125 seconds.
  path: Assets/Scripts/MainScene/Car/CarController.cs
  artifactKey: Guid(bcb037aa356b8334a9418b974ee91c34) Importer(815301076,1909f56bfc062723c751e8b465ee728b)
Start importing Assets/Scripts/MainScene/Car/CarController.cs using Guid(bcb037aa356b8334a9418b974ee91c34) Importer(815301076,1909f56bfc062723c751e8b465ee728b)  -> (artifact id: 'c395e7411f447d3df55df2a3aed52f12') in 0.007879 seconds 
  Import took 0.009854 seconds .

========================================================================
Received Import Request.
  Time since last request: 6.641153 seconds.
  path: Assets/Scripts/MainScene/Car/CarView.cs
  artifactKey: Guid(cb6c255c6f2401041a39f132bfb2fc39) Importer(815301076,1909f56bfc062723c751e8b465ee728b)
Start importing Assets/Scripts/MainScene/Car/CarView.cs using Guid(cb6c255c6f2401041a39f132bfb2fc39) Importer(815301076,1909f56bfc062723c751e8b465ee728b)  -> (artifact id: 'c0591f705da3b1174650a8aeabab4aee') in 0.007945 seconds 
  Import took 0.009849 seconds .

========================================================================
Received Import Request.
  Time since last request: 3.594907 seconds.
  path: Assets/Scripts/MainScene/Car/CarModel.cs
  artifactKey: Guid(bf06fc5c440402b428c7cdee08174c92) Importer(815301076,1909f56bfc062723c751e8b465ee728b)
Start importing Assets/Scripts/MainScene/Car/CarModel.cs using Guid(bf06fc5c440402b428c7cdee08174c92) Importer(815301076,1909f56bfc062723c751e8b465ee728b)  -> (artifact id: '4c6a6b32e4fbfacdefca3aabfe9efff9') in 0.008962 seconds 
  Import took 0.011166 seconds .

========================================================================
Received Prepare
Registering precompiled user dll's ...
Registered in 0.001947 seconds.
Begin MonoManager ReloadAssembly
Native extension for WindowsStandalone target not found
Refreshing native plugins compatible for Editor in 0.56 ms, found 3 plugins.
Preloading 0 native plugins for Editor in 0.00 ms.
Mono: successfully reloaded assembly
- Completed reload, in  0.821 seconds
Domain Reload Profiling:
	ReloadAssembly (822ms)
		BeginReloadAssembly (90ms)
			ExecutionOrderSort (0ms)
			DisableScriptedObjects (6ms)
			BackupInstance (0ms)
			ReleaseScriptingObjects (0ms)
			CreateAndSetChildDomain (31ms)
		EndReloadAssembly (688ms)
			LoadAssemblies (84ms)
			RebuildTransferFunctionScriptingTraits (0ms)
			SetupTypeCache (205ms)
			ReleaseScriptCaches (1ms)
			RebuildScriptCaches (47ms)
			SetupLoadedEditorAssemblies (270ms)
				LogAssemblyErrors (0ms)
				InitializePlatformSupportModulesInManaged (4ms)
				SetLoadedEditorAssemblies (0ms)
				RefreshPlugins (1ms)
				BeforeProcessingInitializeOnLoad (72ms)
				ProcessInitializeOnLoadAttributes (185ms)
				ProcessInitializeOnLoadMethodAttributes (7ms)
				AfterProcessingInitializeOnLoad (2ms)
				EditorAssembliesLoaded (0ms)
			ExecutionOrderSort2 (0ms)
			AwakeInstancesAfterBackupRestoration (9ms)
Platform modules already initialized, skipping
Switching build target platform(19) subTarget(0) extendedPlatform(0) -> platform(13) subTarget(537395200) extendedPlatform(0)
Refreshing native plugins compatible for Editor in 0.40 ms, found 3 plugins.
Preloading 0 native plugins for Editor in 0.00 ms.
Unloading 2251 Unused Serialized files (Serialized files now loaded: 0)
System memory in use before: 98.4 MB.
System memory in use after: 98.6 MB.

Unloading 15 unused Assets to reduce memory usage. Loaded Objects now: 2713.
Total: 2.574000 ms (FindLiveObjects: 0.200000 ms CreateObjectMapping: 0.085300 ms MarkObjects: 2.272200 ms  DeleteObjects: 0.015500 ms)

AssetImportParameters requested are different than current active one (requested -> active):
  custom:framework-win-MediaFoundation: 216162199b28c13a410421893ffa2e32 -> 
  custom:video-decoder-ogg-theora: a1e56fd34408186e4bbccfd4996cb3dc -> 
  custom:container-muxer-webm: aa71ff27fc2769a1b78a27578f13a17b -> 
  custom:container-demuxer-webm: 4f35f7cbe854078d1ac9338744f61a02 -> 
  custom:container-demuxer-ogg: 62fdf1f143b41e24485cea50d1cbac27 -> 
  custom:video-encoder-webm-vp8: eb34c28f22e8b96e1ab97ce403110664 -> 
  custom:video-decoder-webm-vp8: 9c59270c3fd7afecdb556c50c9e8de78 -> 
  custom:graphics/normal-map-encoding: 01000000000000000000000000000000 -> 02000000000000000000000000000000
  custom:audio-decoder-ogg-vorbis: bf7c407c2cedff20999df2af8eb42d56 -> 
  custom:audio-encoder-webm-vorbis: bf7c407c2cedff20999df2af8eb42d56 -> 
========================================================================
Received Import Request.
  Time since last request: 86.062309 seconds.
  path: Assets/Scripts/System/GlobalConst.cs
  artifactKey: Guid(e9929d5c455bf8b46ac0ada74b4acd44) Importer(815301076,1909f56bfc062723c751e8b465ee728b)
Start importing Assets/Scripts/System/GlobalConst.cs using Guid(e9929d5c455bf8b46ac0ada74b4acd44) Importer(815301076,1909f56bfc062723c751e8b465ee728b)  -> (artifact id: '3290f9395b1f12b7cba9ddc0b0676cae') in 0.003980 seconds 
  Import took 0.006545 seconds .

========================================================================
Received Import Request.
  Time since last request: 1.341746 seconds.
  path: Assets/Scripts/MainScene/Car/CarModel.cs
  artifactKey: Guid(bf06fc5c440402b428c7cdee08174c92) Importer(815301076,1909f56bfc062723c751e8b465ee728b)
Start importing Assets/Scripts/MainScene/Car/CarModel.cs using Guid(bf06fc5c440402b428c7cdee08174c92) Importer(815301076,1909f56bfc062723c751e8b465ee728b)  -> (artifact id: '6a07628dd05749db22ebd9066ed966f0') in 0.001124 seconds 
  Import took 0.003171 seconds .

========================================================================
Received Import Request.
  Time since last request: 14.916737 seconds.
  path: Assets/Resources/Textures/Deco/Forest_terrain_dirt_grass(spring)_128px_1.asset
  artifactKey: Guid(f29ef990801378349982fea2f0f6c958) Importer(815301076,1909f56bfc062723c751e8b465ee728b)
Start importing Assets/Resources/Textures/Deco/Forest_terrain_dirt_grass(spring)_128px_1.asset using Guid(f29ef990801378349982fea2f0f6c958) Importer(815301076,1909f56bfc062723c751e8b465ee728b)  -> (artifact id: '67aaad422acba9a51472d1a1f95274a6') in 0.040162 seconds 
  Import took 0.042371 seconds .

========================================================================
Received Import Request.
  Time since last request: 0.000102 seconds.
  path: Assets/Resources/Textures/Deco/Forest_terrain_dirt_grass(spring)_128px_2.asset
  artifactKey: Guid(84b7054a1680b1e4aa16c7d5e70926a3) Importer(815301076,1909f56bfc062723c751e8b465ee728b)
Start importing Assets/Resources/Textures/Deco/Forest_terrain_dirt_grass(spring)_128px_2.asset using Guid(84b7054a1680b1e4aa16c7d5e70926a3) Importer(815301076,1909f56bfc062723c751e8b465ee728b)  -> (artifact id: 'b5c1d7629ebacce98b2744e7110793cf') in 0.009191 seconds 
  Import took 0.011162 seconds .

========================================================================
Received Import Request.
  Time since last request: 0.501172 seconds.
  path: Assets/Resources/Textures/Deco/nemo_sprite.png
  artifactKey: Guid(bcf4b56957ea3584d8eda4043753a5e8) Importer(815301076,1909f56bfc062723c751e8b465ee728b)
Start importing Assets/Resources/Textures/Deco/nemo_sprite.png using Guid(bcf4b56957ea3584d8eda4043753a5e8) Importer(815301076,1909f56bfc062723c751e8b465ee728b)  -> (artifact id: '099b9a121aad9587adc693dfbf8533ed') in 0.035847 seconds 
  Import took 0.037977 seconds .

========================================================================
Received Import Request.
  Time since last request: 7.750189 seconds.
  path: Assets/Resources/Textures/Background/BG_cave2_1024.png
  artifactKey: Guid(9c82b6ad87c042348aacc81b6fadcc87) Importer(815301076,1909f56bfc062723c751e8b465ee728b)
Start importing Assets/Resources/Textures/Background/BG_cave2_1024.png using Guid(9c82b6ad87c042348aacc81b6fadcc87) Importer(815301076,1909f56bfc062723c751e8b465ee728b)  -> (artifact id: '89c11712ca5120b30c67d8ab3c7e2792') in 0.022368 seconds 
  Import took 0.024312 seconds .

========================================================================
Received Import Request.
  Time since last request: 0.000105 seconds.
  path: Assets/Resources/Textures/Background/BG_cave_1024.png
  artifactKey: Guid(04aa30e7bae8e5c4bb6718fe6142845d) Importer(815301076,1909f56bfc062723c751e8b465ee728b)
Start importing Assets/Resources/Textures/Background/BG_cave_1024.png using Guid(04aa30e7bae8e5c4bb6718fe6142845d) Importer(815301076,1909f56bfc062723c751e8b465ee728b)  -> (artifact id: 'f91490f50dcbe265a3c35834feb25221') in 0.038068 seconds 
  Import took 0.039896 seconds .

========================================================================
Received Import Request.
  Time since last request: 0.000104 seconds.
  path: Assets/Resources/Textures/Background/BG_mountains_night_1024.png
  artifactKey: Guid(a0c207a4ed112f043ad721e46b8cdd26) Importer(815301076,1909f56bfc062723c751e8b465ee728b)
Start importing Assets/Resources/Textures/Background/BG_mountains_night_1024.png using Guid(a0c207a4ed112f043ad721e46b8cdd26) Importer(815301076,1909f56bfc062723c751e8b465ee728b)  -> (artifact id: '8e4fd68ccd923ab270f5d6e48b770f74') in 0.030291 seconds 
  Import took 0.032107 seconds .

========================================================================
Received Import Request.
  Time since last request: 0.000109 seconds.
  path: Assets/Resources/Textures/Background/BG_volcano_1024.png
  artifactKey: Guid(36097b5693c0714478ffc6273a352644) Importer(815301076,1909f56bfc062723c751e8b465ee728b)
Start importing Assets/Resources/Textures/Background/BG_volcano_1024.png using Guid(36097b5693c0714478ffc6273a352644) Importer(815301076,1909f56bfc062723c751e8b465ee728b)  -> (artifact id: 'a12b3a6abfa31decc1afba1abce24a26') in 0.029542 seconds 
  Import took 0.031498 seconds .

========================================================================
Received Import Request.
  Time since last request: 0.000101 seconds.
  path: Assets/Resources/Textures/Background/BG_mountains_night2_1024.png
  artifactKey: Guid(195dc6169a79d9b40a580b28beadfec9) Importer(815301076,1909f56bfc062723c751e8b465ee728b)
Start importing Assets/Resources/Textures/Background/BG_mountains_night2_1024.png using Guid(195dc6169a79d9b40a580b28beadfec9) Importer(815301076,1909f56bfc062723c751e8b465ee728b)  -> (artifact id: '441fb4774eb29735290f75a106137530') in 0.033362 seconds 
  Import took 0.035173 seconds .

========================================================================
Received Import Request.
  Time since last request: 0.000107 seconds.
  path: Assets/Resources/Textures/Background/BG_desert_sunset_1024.png
  artifactKey: Guid(2d90c333e68fff641828864d6667fda6) Importer(815301076,1909f56bfc062723c751e8b465ee728b)
Start importing Assets/Resources/Textures/Background/BG_desert_sunset_1024.png using Guid(2d90c333e68fff641828864d6667fda6) Importer(815301076,1909f56bfc062723c751e8b465ee728b)  -> (artifact id: '719dbc43f8ca0a4ada8d061a19edccbe') in 0.029001 seconds 
  Import took 0.030908 seconds .

========================================================================
Received Import Request.
  Time since last request: 0.000098 seconds.
  path: Assets/Resources/Textures/Background/BG_mountains_sunset2_1024.png
  artifactKey: Guid(6265ba6951791254e938e2f05b5ba295) Importer(815301076,1909f56bfc062723c751e8b465ee728b)
Start importing Assets/Resources/Textures/Background/BG_mountains_sunset2_1024.png using Guid(6265ba6951791254e938e2f05b5ba295) Importer(815301076,1909f56bfc062723c751e8b465ee728b)  -> (artifact id: 'ce712ff3e78aaccd93317297bd4c17cd') in 0.027909 seconds 
  Import took 0.029699 seconds .

========================================================================
Received Import Request.
  Time since last request: 0.000114 seconds.
  path: Assets/Resources/Textures/Background/BG_desert_noon_1024.png
  artifactKey: Guid(a598f16cb39deca46afe562898e1deec) Importer(815301076,1909f56bfc062723c751e8b465ee728b)
Start importing Assets/Resources/Textures/Background/BG_desert_noon_1024.png using Guid(a598f16cb39deca46afe562898e1deec) Importer(815301076,1909f56bfc062723c751e8b465ee728b)  -> (artifact id: 'ba789cfd1ce9194172cc3f559951b9fa') in 0.022326 seconds 
  Import took 0.024119 seconds .

========================================================================
Received Import Request.
  Time since last request: 0.000102 seconds.
  path: Assets/Resources/Textures/Background/BG_desert_night2_1024.png
  artifactKey: Guid(6a8a8fb6953cc4f45a25c7b27f799696) Importer(815301076,1909f56bfc062723c751e8b465ee728b)
Start importing Assets/Resources/Textures/Background/BG_desert_night2_1024.png using Guid(6a8a8fb6953cc4f45a25c7b27f799696) Importer(815301076,1909f56bfc062723c751e8b465ee728b)  -> (artifact id: 'e2c5f9842684d309335b9ed07ee5999b') in 0.030452 seconds 
  Import took 0.032349 seconds .

========================================================================
Received Import Request.
  Time since last request: 0.000096 seconds.
  path: Assets/Resources/Textures/Background/BG_desert_night_1024.png
  artifactKey: Guid(2f5578e12e77c8e4688c963de6419e99) Importer(815301076,1909f56bfc062723c751e8b465ee728b)
Start importing Assets/Resources/Textures/Background/BG_desert_night_1024.png using Guid(2f5578e12e77c8e4688c963de6419e99) Importer(815301076,1909f56bfc062723c751e8b465ee728b)  -> (artifact id: 'f78347b2bc72d323f3822106237229a0') in 0.029851 seconds 
  Import took 0.031703 seconds .

========================================================================
Received Import Request.
  Time since last request: 0.000105 seconds.
  path: Assets/Resources/Textures/Background/BG_mountains_noon_1024.png
  artifactKey: Guid(9868806c4e6cbac43b1fe129e8d1e8e7) Importer(815301076,1909f56bfc062723c751e8b465ee728b)
Start importing Assets/Resources/Textures/Background/BG_mountains_noon_1024.png using Guid(9868806c4e6cbac43b1fe129e8d1e8e7) Importer(815301076,1909f56bfc062723c751e8b465ee728b)  -> (artifact id: '028c3a4a7362502d5ffe6ba6e6dff6fd') in 0.014755 seconds 
  Import took 0.016590 seconds .

========================================================================
Received Import Request.
  Time since last request: 0.000109 seconds.
  path: Assets/Resources/Textures/Background/BG_desert_noon2_1024.png
  artifactKey: Guid(a1238f3300f40aa41934c025c0d9a8aa) Importer(815301076,1909f56bfc062723c751e8b465ee728b)
Start importing Assets/Resources/Textures/Background/BG_desert_noon2_1024.png using Guid(a1238f3300f40aa41934c025c0d9a8aa) Importer(815301076,1909f56bfc062723c751e8b465ee728b)  -> (artifact id: 'abefc35a3245f46b4d38cdb9b09dc051') in 0.017344 seconds 
  Import took 0.019137 seconds .

========================================================================
Received Import Request.
  Time since last request: 0.000106 seconds.
  path: Assets/Resources/Textures/Background/BG_mountains_noon2_1024.png
  artifactKey: Guid(cfae008b2060f7249b9a572ecbd3b4eb) Importer(815301076,1909f56bfc062723c751e8b465ee728b)
Start importing Assets/Resources/Textures/Background/BG_mountains_noon2_1024.png using Guid(cfae008b2060f7249b9a572ecbd3b4eb) Importer(815301076,1909f56bfc062723c751e8b465ee728b)  -> (artifact id: '85a85f7ffe06f98f868422406d3eb148') in 0.017391 seconds 
  Import took 0.019306 seconds .

========================================================================
Received Import Request.
  Time since last request: 0.000142 seconds.
  path: Assets/Resources/Textures/Background/BG_mountains_sunset_1024.png
  artifactKey: Guid(b147266f8e2d8e849ad06136e78d4e77) Importer(815301076,1909f56bfc062723c751e8b465ee728b)
Start importing Assets/Resources/Textures/Background/BG_mountains_sunset_1024.png using Guid(b147266f8e2d8e849ad06136e78d4e77) Importer(815301076,1909f56bfc062723c751e8b465ee728b)  -> (artifact id: 'dc2f45d1018595c21f4bcfff031e9904') in 0.014356 seconds 
  Import took 0.016216 seconds .

========================================================================
Received Import Request.
  Time since last request: 0.000109 seconds.
  path: Assets/Resources/Textures/Background/BG_volcano2_1024.png
  artifactKey: Guid(390ca6124ba223c488d39412b0282e59) Importer(815301076,1909f56bfc062723c751e8b465ee728b)
Start importing Assets/Resources/Textures/Background/BG_volcano2_1024.png using Guid(390ca6124ba223c488d39412b0282e59) Importer(815301076,1909f56bfc062723c751e8b465ee728b)  -> (artifact id: '52cd48e734ed479d9b658c29b6e046f3') in 0.014495 seconds 
  Import took 0.016401 seconds .

========================================================================
Received Import Request.
  Time since last request: 0.000107 seconds.
  path: Assets/Resources/Textures/Background/BG_desert_sunset2_1024.png
  artifactKey: Guid(1e2b7811d7a677c4bb1497bfa962dc43) Importer(815301076,1909f56bfc062723c751e8b465ee728b)
Start importing Assets/Resources/Textures/Background/BG_desert_sunset2_1024.png using Guid(1e2b7811d7a677c4bb1497bfa962dc43) Importer(815301076,1909f56bfc062723c751e8b465ee728b)  -> (artifact id: '93e1f6b4526ae26182ae63405cbbb8ed') in 0.014736 seconds 
  Import took 0.016572 seconds .

========================================================================
Received Import Request.
  Time since last request: 7.268405 seconds.
  path: Assets/Scripts/MainScene/Input/InputPedal.cs
  artifactKey: Guid(f146dfed405e91843ad6edf454733fd0) Importer(815301076,1909f56bfc062723c751e8b465ee728b)
Start importing Assets/Scripts/MainScene/Input/InputPedal.cs using Guid(f146dfed405e91843ad6edf454733fd0) Importer(815301076,1909f56bfc062723c751e8b465ee728b)  -> (artifact id: '39326887e50060a1a69f527d200a5995') in 0.007835 seconds 
  Import took 0.009751 seconds .

========================================================================
Received Import Request.
  Time since last request: 4.247978 seconds.
  path: Assets/Scripts/MainScene/Input/InputView.cs
  artifactKey: Guid(9c559df87b3499649ba412f6c2a2e60c) Importer(815301076,1909f56bfc062723c751e8b465ee728b)
Start importing Assets/Scripts/MainScene/Input/InputView.cs using Guid(9c559df87b3499649ba412f6c2a2e60c) Importer(815301076,1909f56bfc062723c751e8b465ee728b)  -> (artifact id: '22c93bf868b132c5e7456823b6ae871e') in 0.007864 seconds 
  Import took 0.009784 seconds .

========================================================================
Received Import Request.
  Time since last request: 7.160932 seconds.
  path: Assets/Scripts/MainScene/Input/InputModel.cs
  artifactKey: Guid(1c829a5eaa62cec46afac5f64461f49b) Importer(815301076,1909f56bfc062723c751e8b465ee728b)
Start importing Assets/Scripts/MainScene/Input/InputModel.cs using Guid(1c829a5eaa62cec46afac5f64461f49b) Importer(815301076,1909f56bfc062723c751e8b465ee728b)  -> (artifact id: 'f860220b789f3274cc912d0099005110') in 0.007671 seconds 
  Import took 0.009885 seconds .

========================================================================
Received Prepare
Registering precompiled user dll's ...
Registered in 0.001174 seconds.
Begin MonoManager ReloadAssembly
Native extension for WindowsStandalone target not found
Refreshing native plugins compatible for Editor in 0.29 ms, found 3 plugins.
Preloading 0 native plugins for Editor in 0.00 ms.
Mono: successfully reloaded assembly
- Completed reload, in  0.502 seconds
Domain Reload Profiling:
	ReloadAssembly (502ms)
		BeginReloadAssembly (78ms)
			ExecutionOrderSort (0ms)
			DisableScriptedObjects (3ms)
			BackupInstance (0ms)
			ReleaseScriptingObjects (0ms)
			CreateAndSetChildDomain (19ms)
		EndReloadAssembly (396ms)
			LoadAssemblies (48ms)
			RebuildTransferFunctionScriptingTraits (0ms)
			SetupTypeCache (132ms)
			ReleaseScriptCaches (1ms)
			RebuildScriptCaches (24ms)
			SetupLoadedEditorAssemblies (148ms)
				LogAssemblyErrors (0ms)
				InitializePlatformSupportModulesInManaged (2ms)
				SetLoadedEditorAssemblies (0ms)
				RefreshPlugins (0ms)
				BeforeProcessingInitializeOnLoad (41ms)
				ProcessInitializeOnLoadAttributes (101ms)
				ProcessInitializeOnLoadMethodAttributes (3ms)
				AfterProcessingInitializeOnLoad (1ms)
				EditorAssembliesLoaded (0ms)
			ExecutionOrderSort2 (0ms)
			AwakeInstancesAfterBackupRestoration (5ms)
Platform modules already initialized, skipping
Switching build target platform(19) subTarget(0) extendedPlatform(0) -> platform(13) subTarget(537395200) extendedPlatform(0)
Refreshing native plugins compatible for Editor in 0.39 ms, found 3 plugins.
Preloading 0 native plugins for Editor in 0.00 ms.
Unloading 2251 Unused Serialized files (Serialized files now loaded: 0)
System memory in use before: 101.3 MB.
System memory in use after: 101.5 MB.

Unloading 15 unused Assets to reduce memory usage. Loaded Objects now: 2724.
Total: 1.628100 ms (FindLiveObjects: 0.099700 ms CreateObjectMapping: 0.028000 ms MarkObjects: 1.488100 ms  DeleteObjects: 0.011500 ms)

AssetImportParameters requested are different than current active one (requested -> active):
  custom:framework-win-MediaFoundation: 216162199b28c13a410421893ffa2e32 -> 
  custom:video-decoder-ogg-theora: a1e56fd34408186e4bbccfd4996cb3dc -> 
  custom:container-muxer-webm: aa71ff27fc2769a1b78a27578f13a17b -> 
  custom:container-demuxer-webm: 4f35f7cbe854078d1ac9338744f61a02 -> 
  custom:container-demuxer-ogg: 62fdf1f143b41e24485cea50d1cbac27 -> 
  custom:video-encoder-webm-vp8: eb34c28f22e8b96e1ab97ce403110664 -> 
  custom:video-decoder-webm-vp8: 9c59270c3fd7afecdb556c50c9e8de78 -> 
  custom:graphics/normal-map-encoding: 01000000000000000000000000000000 -> 02000000000000000000000000000000
  custom:audio-decoder-ogg-vorbis: bf7c407c2cedff20999df2af8eb42d56 -> 
  custom:audio-encoder-webm-vorbis: bf7c407c2cedff20999df2af8eb42d56 -> 
========================================================================
Received Import Request.
  Time since last request: 42.899324 seconds.
  path: Assets/Scripts/MainScene/Input/InputView.cs
  artifactKey: Guid(9c559df87b3499649ba412f6c2a2e60c) Importer(815301076,1909f56bfc062723c751e8b465ee728b)
Start importing Assets/Scripts/MainScene/Input/InputView.cs using Guid(9c559df87b3499649ba412f6c2a2e60c) Importer(815301076,1909f56bfc062723c751e8b465ee728b)  -> (artifact id: '0fb51d18f8c8f9104d1ab80a7ce9622d') in 0.002491 seconds 
  Import took 0.004511 seconds .

========================================================================
Received Prepare
Registering precompiled user dll's ...
Registered in 0.001020 seconds.
Begin MonoManager ReloadAssembly
Native extension for WindowsStandalone target not found
Refreshing native plugins compatible for Editor in 0.30 ms, found 3 plugins.
Preloading 0 native plugins for Editor in 0.00 ms.
Mono: successfully reloaded assembly
- Completed reload, in  0.492 seconds
Domain Reload Profiling:
	ReloadAssembly (492ms)
		BeginReloadAssembly (74ms)
			ExecutionOrderSort (0ms)
			DisableScriptedObjects (3ms)
			BackupInstance (0ms)
			ReleaseScriptingObjects (0ms)
			CreateAndSetChildDomain (18ms)
		EndReloadAssembly (391ms)
			LoadAssemblies (46ms)
			RebuildTransferFunctionScriptingTraits (0ms)
			SetupTypeCache (126ms)
			ReleaseScriptCaches (1ms)
			RebuildScriptCaches (25ms)
			SetupLoadedEditorAssemblies (149ms)
				LogAssemblyErrors (0ms)
				InitializePlatformSupportModulesInManaged (2ms)
				SetLoadedEditorAssemblies (0ms)
				RefreshPlugins (0ms)
				BeforeProcessingInitializeOnLoad (42ms)
				ProcessInitializeOnLoadAttributes (100ms)
				ProcessInitializeOnLoadMethodAttributes (3ms)
				AfterProcessingInitializeOnLoad (1ms)
				EditorAssembliesLoaded (0ms)
			ExecutionOrderSort2 (0ms)
			AwakeInstancesAfterBackupRestoration (5ms)
Platform modules already initialized, skipping
Switching build target platform(19) subTarget(0) extendedPlatform(0) -> platform(13) subTarget(537395200) extendedPlatform(0)
Refreshing native plugins compatible for Editor in 0.27 ms, found 3 plugins.
Preloading 0 native plugins for Editor in 0.00 ms.
Unloading 2250 Unused Serialized files (Serialized files now loaded: 0)
System memory in use before: 101.4 MB.
System memory in use after: 101.6 MB.

Unloading 16 unused Assets to reduce memory usage. Loaded Objects now: 2726.
Total: 1.623000 ms (FindLiveObjects: 0.134300 ms CreateObjectMapping: 0.030300 ms MarkObjects: 1.444800 ms  DeleteObjects: 0.012900 ms)

AssetImportParameters requested are different than current active one (requested -> active):
  custom:framework-win-MediaFoundation: 216162199b28c13a410421893ffa2e32 -> 
  custom:video-decoder-ogg-theora: a1e56fd34408186e4bbccfd4996cb3dc -> 
  custom:container-muxer-webm: aa71ff27fc2769a1b78a27578f13a17b -> 
  custom:container-demuxer-webm: 4f35f7cbe854078d1ac9338744f61a02 -> 
  custom:container-demuxer-ogg: 62fdf1f143b41e24485cea50d1cbac27 -> 
  custom:video-encoder-webm-vp8: eb34c28f22e8b96e1ab97ce403110664 -> 
  custom:video-decoder-webm-vp8: 9c59270c3fd7afecdb556c50c9e8de78 -> 
  custom:graphics/normal-map-encoding: 01000000000000000000000000000000 -> 02000000000000000000000000000000
  custom:audio-decoder-ogg-vorbis: bf7c407c2cedff20999df2af8eb42d56 -> 
  custom:audio-encoder-webm-vorbis: bf7c407c2cedff20999df2af8eb42d56 -> 
========================================================================
Received Prepare
Registering precompiled user dll's ...
Registered in 0.001467 seconds.
Begin MonoManager ReloadAssembly
Native extension for WindowsStandalone target not found
Refreshing native plugins compatible for Editor in 0.28 ms, found 3 plugins.
Preloading 0 native plugins for Editor in 0.00 ms.
Mono: successfully reloaded assembly
- Completed reload, in  0.498 seconds
Domain Reload Profiling:
	ReloadAssembly (498ms)
		BeginReloadAssembly (72ms)
			ExecutionOrderSort (0ms)
			DisableScriptedObjects (3ms)
			BackupInstance (0ms)
			ReleaseScriptingObjects (0ms)
			CreateAndSetChildDomain (18ms)
		EndReloadAssembly (397ms)
			LoadAssemblies (48ms)
			RebuildTransferFunctionScriptingTraits (0ms)
			SetupTypeCache (129ms)
			ReleaseScriptCaches (1ms)
			RebuildScriptCaches (25ms)
			SetupLoadedEditorAssemblies (148ms)
				LogAssemblyErrors (0ms)
				InitializePlatformSupportModulesInManaged (3ms)
				SetLoadedEditorAssemblies (0ms)
				RefreshPlugins (0ms)
				BeforeProcessingInitializeOnLoad (42ms)
				ProcessInitializeOnLoadAttributes (99ms)
				ProcessInitializeOnLoadMethodAttributes (3ms)
				AfterProcessingInitializeOnLoad (1ms)
				EditorAssembliesLoaded (0ms)
			ExecutionOrderSort2 (0ms)
			AwakeInstancesAfterBackupRestoration (5ms)
Platform modules already initialized, skipping
Switching build target platform(19) subTarget(0) extendedPlatform(0) -> platform(13) subTarget(537395200) extendedPlatform(0)
Refreshing native plugins compatible for Editor in 0.26 ms, found 3 plugins.
Preloading 0 native plugins for Editor in 0.00 ms.
Unloading 2248 Unused Serialized files (Serialized files now loaded: 0)
System memory in use before: 101.4 MB.
System memory in use after: 101.6 MB.

Unloading 17 unused Assets to reduce memory usage. Loaded Objects now: 2727.
Total: 1.673600 ms (FindLiveObjects: 0.086900 ms CreateObjectMapping: 0.027200 ms MarkObjects: 1.546200 ms  DeleteObjects: 0.012600 ms)

AssetImportParameters requested are different than current active one (requested -> active):
  custom:framework-win-MediaFoundation: 216162199b28c13a410421893ffa2e32 -> 
  custom:video-decoder-ogg-theora: a1e56fd34408186e4bbccfd4996cb3dc -> 
  custom:container-muxer-webm: aa71ff27fc2769a1b78a27578f13a17b -> 
  custom:container-demuxer-webm: 4f35f7cbe854078d1ac9338744f61a02 -> 
  custom:container-demuxer-ogg: 62fdf1f143b41e24485cea50d1cbac27 -> 
  custom:video-encoder-webm-vp8: eb34c28f22e8b96e1ab97ce403110664 -> 
  custom:video-decoder-webm-vp8: 9c59270c3fd7afecdb556c50c9e8de78 -> 
  custom:graphics/normal-map-encoding: 01000000000000000000000000000000 -> 02000000000000000000000000000000
  custom:audio-decoder-ogg-vorbis: bf7c407c2cedff20999df2af8eb42d56 -> 
  custom:audio-encoder-webm-vorbis: bf7c407c2cedff20999df2af8eb42d56 -> 
========================================================================
Received Prepare
Registering precompiled user dll's ...
Registered in 0.000986 seconds.
Begin MonoManager ReloadAssembly
Native extension for WindowsStandalone target not found
Refreshing native plugins compatible for Editor in 0.33 ms, found 3 plugins.
Preloading 0 native plugins for Editor in 0.00 ms.
Mono: successfully reloaded assembly
- Completed reload, in  0.494 seconds
Domain Reload Profiling:
	ReloadAssembly (494ms)
		BeginReloadAssembly (74ms)
			ExecutionOrderSort (0ms)
			DisableScriptedObjects (3ms)
			BackupInstance (0ms)
			ReleaseScriptingObjects (0ms)
			CreateAndSetChildDomain (17ms)
		EndReloadAssembly (394ms)
			LoadAssemblies (47ms)
			RebuildTransferFunctionScriptingTraits (0ms)
			SetupTypeCache (125ms)
			ReleaseScriptCaches (1ms)
			RebuildScriptCaches (25ms)
			SetupLoadedEditorAssemblies (149ms)
				LogAssemblyErrors (0ms)
				InitializePlatformSupportModulesInManaged (2ms)
				SetLoadedEditorAssemblies (0ms)
				RefreshPlugins (0ms)
				BeforeProcessingInitializeOnLoad (42ms)
				ProcessInitializeOnLoadAttributes (101ms)
				ProcessInitializeOnLoadMethodAttributes (3ms)
				AfterProcessingInitializeOnLoad (1ms)
				EditorAssembliesLoaded (0ms)
			ExecutionOrderSort2 (0ms)
			AwakeInstancesAfterBackupRestoration (5ms)
Platform modules already initialized, skipping
Switching build target platform(19) subTarget(0) extendedPlatform(0) -> platform(13) subTarget(537395200) extendedPlatform(0)
Refreshing native plugins compatible for Editor in 0.26 ms, found 3 plugins.
Preloading 0 native plugins for Editor in 0.00 ms.
Unloading 2248 Unused Serialized files (Serialized files now loaded: 0)
System memory in use before: 101.4 MB.
System memory in use after: 101.6 MB.

Unloading 15 unused Assets to reduce memory usage. Loaded Objects now: 2730.
Total: 1.541200 ms (FindLiveObjects: 0.119500 ms CreateObjectMapping: 0.029000 ms MarkObjects: 1.383000 ms  DeleteObjects: 0.009200 ms)

AssetImportParameters requested are different than current active one (requested -> active):
  custom:framework-win-MediaFoundation: 216162199b28c13a410421893ffa2e32 -> 
  custom:video-decoder-ogg-theora: a1e56fd34408186e4bbccfd4996cb3dc -> 
  custom:container-muxer-webm: aa71ff27fc2769a1b78a27578f13a17b -> 
  custom:container-demuxer-webm: 4f35f7cbe854078d1ac9338744f61a02 -> 
  custom:container-demuxer-ogg: 62fdf1f143b41e24485cea50d1cbac27 -> 
  custom:video-encoder-webm-vp8: eb34c28f22e8b96e1ab97ce403110664 -> 
  custom:video-decoder-webm-vp8: 9c59270c3fd7afecdb556c50c9e8de78 -> 
  custom:graphics/normal-map-encoding: 01000000000000000000000000000000 -> 02000000000000000000000000000000
  custom:audio-decoder-ogg-vorbis: bf7c407c2cedff20999df2af8eb42d56 -> 
  custom:audio-encoder-webm-vorbis: bf7c407c2cedff20999df2af8eb42d56 -> 
AssetImportWorkerClient::OnTransportError - code=2 error=End of file
